Compiling the C compiler identification source file "CMakeCCompilerId.c" failed.
Compiler: /Applications/Xcode.app/Contents/Developer/Toolchains/XcodeDefault.xctoolchain/usr/bin/cc 
Build flags: 
Id flags:  

The output was:
1
ld: library not found for -lSystem
clang: error: linker command failed with exit code 1 (use -v to see invocation)


Compiling the CXX compiler identification source file "CMakeCXXCompilerId.cpp" failed.
Compiler: /Applications/Xcode.app/Contents/Developer/Toolchains/XcodeDefault.xctoolchain/usr/bin/c++ 
Build flags: 
Id flags:  

The output was:
1
ld: library not found for -lc++
clang: error: linker command failed with exit code 1 (use -v to see invocation)


Performing C++ SOURCE FILE Test COMPILER_SUPPORT_Wlogicalop failed with the following output:
Change Dir: /Users/michael/Downloads/MAVT/B_HS21/CMEA/Project/Project 1/project1_handout/corona_dirk/build/Eigen-prefix/src/Eigen-build/CMakeFiles/CMakeTmp

Run Build Command(s):/usr/bin/make -f Makefile cmTC_46eec/fast && /Applications/Xcode.app/Contents/Developer/usr/bin/make  -f CMakeFiles/cmTC_46eec.dir/build.make CMakeFiles/cmTC_46eec.dir/build
Building CXX object CMakeFiles/cmTC_46eec.dir/src.cxx.o
/Applications/Xcode.app/Contents/Developer/Toolchains/XcodeDefault.xctoolchain/usr/bin/c++ -DCOMPILER_SUPPORT_Wlogicalop  -std=c++03 -pedantic -Wall -Wextra -Wundef -Wcast-align -Wchar-subscripts -Wnon-virtual-dtor -Wunused-local-typedefs -Wpointer-arith -Wwrite-strings -Wformat-security -Wshorten-64-to-32 -Werror -isysroot /Applications/Xcode.app/Contents/Developer/Platforms/MacOSX.platform/Developer/SDKs/MacOSX11.3.sdk   -Wlogical-op -MD -MT CMakeFiles/cmTC_46eec.dir/src.cxx.o -MF CMakeFiles/cmTC_46eec.dir/src.cxx.o.d -o CMakeFiles/cmTC_46eec.dir/src.cxx.o -c "/Users/michael/Downloads/MAVT/B_HS21/CMEA/Project/Project 1/project1_handout/corona_dirk/build/Eigen-prefix/src/Eigen-build/CMakeFiles/CMakeTmp/src.cxx"
error: unknown warning option '-Wlogical-op'; did you mean '-Wlong-long'? [-Werror,-Wunknown-warning-option]
make[4]: *** [CMakeFiles/cmTC_46eec.dir/src.cxx.o] Error 1
make[3]: *** [cmTC_46eec/fast] Error 2


Source file was:
int main() { return 0; }
Performing C++ SOURCE FILE Test COMPILER_SUPPORT_wd981 failed with the following output:
Change Dir: /Users/michael/Downloads/MAVT/B_HS21/CMEA/Project/Project 1/project1_handout/corona_dirk/build/Eigen-prefix/src/Eigen-build/CMakeFiles/CMakeTmp

Run Build Command(s):/usr/bin/make -f Makefile cmTC_7e6b7/fast && /Applications/Xcode.app/Contents/Developer/usr/bin/make  -f CMakeFiles/cmTC_7e6b7.dir/build.make CMakeFiles/cmTC_7e6b7.dir/build
Building CXX object CMakeFiles/cmTC_7e6b7.dir/src.cxx.o
/Applications/Xcode.app/Contents/Developer/Toolchains/XcodeDefault.xctoolchain/usr/bin/c++ -DCOMPILER_SUPPORT_wd981  -std=c++03 -pedantic -Wall -Wextra -Wundef -Wcast-align -Wchar-subscripts -Wnon-virtual-dtor -Wunused-local-typedefs -Wpointer-arith -Wwrite-strings -Wformat-security -Wshorten-64-to-32 -Wenum-conversion -Wc++11-extensions -Wdouble-promotion -Wshadow -Wno-psabi -Wno-variadic-macros -Wno-long-long -fno-check-new -fno-common -fstrict-aliasing -Werror -isysroot /Applications/Xcode.app/Contents/Developer/Platforms/MacOSX.platform/Developer/SDKs/MacOSX11.3.sdk   -wd981 -MD -MT CMakeFiles/cmTC_7e6b7.dir/src.cxx.o -MF CMakeFiles/cmTC_7e6b7.dir/src.cxx.o.d -o CMakeFiles/cmTC_7e6b7.dir/src.cxx.o -c "/Users/michael/Downloads/MAVT/B_HS21/CMEA/Project/Project 1/project1_handout/corona_dirk/build/Eigen-prefix/src/Eigen-build/CMakeFiles/CMakeTmp/src.cxx"
clang: error: unknown argument: '-wd981'
make[4]: *** [CMakeFiles/cmTC_7e6b7.dir/src.cxx.o] Error 1
make[3]: *** [cmTC_7e6b7/fast] Error 2


Source file was:
int main() { return 0; }
Performing C++ SOURCE FILE Test COMPILER_SUPPORT_wd2304 failed with the following output:
Change Dir: /Users/michael/Downloads/MAVT/B_HS21/CMEA/Project/Project 1/project1_handout/corona_dirk/build/Eigen-prefix/src/Eigen-build/CMakeFiles/CMakeTmp

Run Build Command(s):/usr/bin/make -f Makefile cmTC_6aa0a/fast && /Applications/Xcode.app/Contents/Developer/usr/bin/make  -f CMakeFiles/cmTC_6aa0a.dir/build.make CMakeFiles/cmTC_6aa0a.dir/build
Building CXX object CMakeFiles/cmTC_6aa0a.dir/src.cxx.o
/Applications/Xcode.app/Contents/Developer/Toolchains/XcodeDefault.xctoolchain/usr/bin/c++ -DCOMPILER_SUPPORT_wd2304  -std=c++03 -pedantic -Wall -Wextra -Wundef -Wcast-align -Wchar-subscripts -Wnon-virtual-dtor -Wunused-local-typedefs -Wpointer-arith -Wwrite-strings -Wformat-security -Wshorten-64-to-32 -Wenum-conversion -Wc++11-extensions -Wdouble-promotion -Wshadow -Wno-psabi -Wno-variadic-macros -Wno-long-long -fno-check-new -fno-common -fstrict-aliasing -Werror -isysroot /Applications/Xcode.app/Contents/Developer/Platforms/MacOSX.platform/Developer/SDKs/MacOSX11.3.sdk   -wd2304 -MD -MT CMakeFiles/cmTC_6aa0a.dir/src.cxx.o -MF CMakeFiles/cmTC_6aa0a.dir/src.cxx.o.d -o CMakeFiles/cmTC_6aa0a.dir/src.cxx.o -c "/Users/michael/Downloads/MAVT/B_HS21/CMEA/Project/Project 1/project1_handout/corona_dirk/build/Eigen-prefix/src/Eigen-build/CMakeFiles/CMakeTmp/src.cxx"
clang: error: unknown argument: '-wd2304'
make[4]: *** [CMakeFiles/cmTC_6aa0a.dir/src.cxx.o] Error 1
make[3]: *** [cmTC_6aa0a/fast] Error 2


Source file was:
int main() { return 0; }
Performing C++ SOURCE FILE Test COMPILER_SUPPORT_STRICTANSI failed with the following output:
Change Dir: /Users/michael/Downloads/MAVT/B_HS21/CMEA/Project/Project 1/project1_handout/corona_dirk/build/Eigen-prefix/src/Eigen-build/CMakeFiles/CMakeTmp

Run Build Command(s):/usr/bin/make -f Makefile cmTC_a4745/fast && /Applications/Xcode.app/Contents/Developer/usr/bin/make  -f CMakeFiles/cmTC_a4745.dir/build.make CMakeFiles/cmTC_a4745.dir/build
Building CXX object CMakeFiles/cmTC_a4745.dir/src.cxx.o
/Applications/Xcode.app/Contents/Developer/Toolchains/XcodeDefault.xctoolchain/usr/bin/c++ -DCOMPILER_SUPPORT_STRICTANSI  -std=c++03 -pedantic -Wall -Wextra -Wundef -Wcast-align -Wchar-subscripts -Wnon-virtual-dtor -Wunused-local-typedefs -Wpointer-arith -Wwrite-strings -Wformat-security -Wshorten-64-to-32 -Wenum-conversion -Wc++11-extensions -Wdouble-promotion -Wshadow -Wno-psabi -Wno-variadic-macros -Wno-long-long -fno-check-new -fno-common -fstrict-aliasing -Werror -isysroot /Applications/Xcode.app/Contents/Developer/Platforms/MacOSX.platform/Developer/SDKs/MacOSX11.3.sdk   -strict-ansi -MD -MT CMakeFiles/cmTC_a4745.dir/src.cxx.o -MF CMakeFiles/cmTC_a4745.dir/src.cxx.o.d -o CMakeFiles/cmTC_a4745.dir/src.cxx.o -c "/Users/michael/Downloads/MAVT/B_HS21/CMEA/Project/Project 1/project1_handout/corona_dirk/build/Eigen-prefix/src/Eigen-build/CMakeFiles/CMakeTmp/src.cxx"
clang: error: unknown argument: '-strict-ansi'
make[4]: *** [CMakeFiles/cmTC_a4745.dir/src.cxx.o] Error 1
make[3]: *** [cmTC_a4745/fast] Error 2


Source file was:
int main() { return 0; }
Performing C++ SOURCE FILE Test COMPILER_SUPPORT_OPENMP failed with the following output:
Change Dir: /Users/michael/Downloads/MAVT/B_HS21/CMEA/Project/Project 1/project1_handout/corona_dirk/build/Eigen-prefix/src/Eigen-build/CMakeFiles/CMakeTmp

Run Build Command(s):/usr/bin/make -f Makefile cmTC_3f2a1/fast && /Applications/Xcode.app/Contents/Developer/usr/bin/make  -f CMakeFiles/cmTC_3f2a1.dir/build.make CMakeFiles/cmTC_3f2a1.dir/build
Building CXX object CMakeFiles/cmTC_3f2a1.dir/src.cxx.o
/Applications/Xcode.app/Contents/Developer/Toolchains/XcodeDefault.xctoolchain/usr/bin/c++ -DCOMPILER_SUPPORT_OPENMP  -std=c++03 -pedantic -Wall -Wextra -Wundef -Wcast-align -Wchar-subscripts -Wnon-virtual-dtor -Wunused-local-typedefs -Wpointer-arith -Wwrite-strings -Wformat-security -Wshorten-64-to-32 -Wenum-conversion -Wc++11-extensions -Wdouble-promotion -Wshadow -Wno-psabi -Wno-variadic-macros -Wno-long-long -fno-check-new -fno-common -fstrict-aliasing -Qunused-arguments -ansi  -isysroot /Applications/Xcode.app/Contents/Developer/Platforms/MacOSX.platform/Developer/SDKs/MacOSX11.3.sdk   -fopenmp -MD -MT CMakeFiles/cmTC_3f2a1.dir/src.cxx.o -MF CMakeFiles/cmTC_3f2a1.dir/src.cxx.o.d -o CMakeFiles/cmTC_3f2a1.dir/src.cxx.o -c "/Users/michael/Downloads/MAVT/B_HS21/CMEA/Project/Project 1/project1_handout/corona_dirk/build/Eigen-prefix/src/Eigen-build/CMakeFiles/CMakeTmp/src.cxx"
clang: error: unsupported option '-fopenmp'
make[4]: *** [CMakeFiles/cmTC_3f2a1.dir/src.cxx.o] Error 1
make[3]: *** [cmTC_3f2a1/fast] Error 2


Source file was:
int main() { return 0; }
The MPI test test_mpi for C in mode normal failed to compile with the following output:
Change Dir: /Users/michael/Downloads/MAVT/B_HS21/CMEA/Project/Project 1/project1_handout/corona_dirk/build/Eigen-prefix/src/Eigen-build/CMakeFiles/CMakeTmp

Run Build Command(s):/usr/bin/make -f Makefile cmTC_b1a86/fast && /Applications/Xcode.app/Contents/Developer/usr/bin/make  -f CMakeFiles/cmTC_b1a86.dir/build.make CMakeFiles/cmTC_b1a86.dir/build
Building C object CMakeFiles/cmTC_b1a86.dir/test_mpi.c.o
/Applications/Xcode.app/Contents/Developer/Toolchains/XcodeDefault.xctoolchain/usr/bin/cc   -isysroot /Applications/Xcode.app/Contents/Developer/Platforms/MacOSX.platform/Developer/SDKs/MacOSX11.3.sdk -MD -MT CMakeFiles/cmTC_b1a86.dir/test_mpi.c.o -MF CMakeFiles/cmTC_b1a86.dir/test_mpi.c.o.d -o CMakeFiles/cmTC_b1a86.dir/test_mpi.c.o -c /Applications/CMake.app/Contents/share/cmake-3.21/Modules/FindMPI/test_mpi.c
/Applications/CMake.app/Contents/share/cmake-3.21/Modules/FindMPI/test_mpi.c:1:10: fatal error: 'mpi.h' file not found
#include <mpi.h>
         ^~~~~~~
1 error generated.
make[4]: *** [CMakeFiles/cmTC_b1a86.dir/test_mpi.c.o] Error 1
make[3]: *** [cmTC_b1a86/fast] Error 2



The MPI test test_mpi for CXX in mode normal failed to compile with the following output:
Change Dir: /Users/michael/Downloads/MAVT/B_HS21/CMEA/Project/Project 1/project1_handout/corona_dirk/build/Eigen-prefix/src/Eigen-build/CMakeFiles/CMakeTmp

Run Build Command(s):/usr/bin/make -f Makefile cmTC_e6635/fast && /Applications/Xcode.app/Contents/Developer/usr/bin/make  -f CMakeFiles/cmTC_e6635.dir/build.make CMakeFiles/cmTC_e6635.dir/build
Building CXX object CMakeFiles/cmTC_e6635.dir/test_mpi.cpp.o
/Applications/Xcode.app/Contents/Developer/Toolchains/XcodeDefault.xctoolchain/usr/bin/c++   -std=c++03 -pedantic -Wall -Wextra -Wundef -Wcast-align -Wchar-subscripts -Wnon-virtual-dtor -Wunused-local-typedefs -Wpointer-arith -Wwrite-strings -Wformat-security -Wshorten-64-to-32 -Wenum-conversion -Wc++11-extensions -Wdouble-promotion -Wshadow -Wno-psabi -Wno-variadic-macros -Wno-long-long -fno-check-new -fno-common -fstrict-aliasing -Qunused-arguments -ansi  -isysroot /Applications/Xcode.app/Contents/Developer/Platforms/MacOSX.platform/Developer/SDKs/MacOSX11.3.sdk -MD -MT CMakeFiles/cmTC_e6635.dir/test_mpi.cpp.o -MF CMakeFiles/cmTC_e6635.dir/test_mpi.cpp.o.d -o CMakeFiles/cmTC_e6635.dir/test_mpi.cpp.o -c "/Users/michael/Downloads/MAVT/B_HS21/CMEA/Project/Project 1/project1_handout/corona_dirk/build/Eigen-prefix/src/Eigen-build/CMakeFiles/FindMPI/test_mpi.cpp"
/Users/michael/Downloads/MAVT/B_HS21/CMEA/Project/Project 1/project1_handout/corona_dirk/build/Eigen-prefix/src/Eigen-build/CMakeFiles/FindMPI/test_mpi.cpp:1:10: fatal error: 'mpi.h' file not found
#include <mpi.h>
         ^~~~~~~
1 error generated.
make[4]: *** [CMakeFiles/cmTC_e6635.dir/test_mpi.cpp.o] Error 1
make[3]: *** [cmTC_e6635/fast] Error 2



Performing C SOURCE FILE Test SCOTCH_Num_4 failed with the following compile output:
Change Dir: /Users/michael/Downloads/MAVT/B_HS21/CMEA/Project/Project 1/project1_handout/corona_dirk/build/Eigen-prefix/src/Eigen-build/CMakeFiles/CMakeTmp

Run Build Command(s):/usr/bin/make -f Makefile cmTC_0a14c/fast && /Applications/Xcode.app/Contents/Developer/usr/bin/make  -f CMakeFiles/cmTC_0a14c.dir/build.make CMakeFiles/cmTC_0a14c.dir/build
Building C object CMakeFiles/cmTC_0a14c.dir/src.c.o
/Applications/Xcode.app/Contents/Developer/Toolchains/XcodeDefault.xctoolchain/usr/bin/cc -DLAPACK_USE_F2C -DSCOTCH_Num_4  -isysroot /Applications/Xcode.app/Contents/Developer/Platforms/MacOSX.platform/Developer/SDKs/MacOSX11.3.sdk -MD -MT CMakeFiles/cmTC_0a14c.dir/src.c.o -MF CMakeFiles/cmTC_0a14c.dir/src.c.o.d -o CMakeFiles/cmTC_0a14c.dir/src.c.o -c "/Users/michael/Downloads/MAVT/B_HS21/CMEA/Project/Project 1/project1_handout/corona_dirk/build/Eigen-prefix/src/Eigen-build/CMakeFiles/CMakeTmp/src.c"
/Users/michael/Downloads/MAVT/B_HS21/CMEA/Project/Project 1/project1_handout/corona_dirk/build/Eigen-prefix/src/Eigen-build/CMakeFiles/CMakeTmp/src.c:4:10: fatal error: 'scotch.h' file not found
#include <scotch.h>
         ^~~~~~~~~~
1 error generated.
make[4]: *** [CMakeFiles/cmTC_0a14c.dir/src.c.o] Error 1
make[3]: *** [cmTC_0a14c/fast] Error 2


...and run output:

Return value: 1
Source file was:

#include <stdio.h>
#include <stdint.h>
#include <scotch.h>
int main(int argc, char **argv) {
  if (sizeof(SCOTCH_Num) == 4)
    return 0;
  else
    return 1;
}

Performing C SOURCE FILE Test SCOTCH_Num_8 failed with the following compile output:
Change Dir: /Users/michael/Downloads/MAVT/B_HS21/CMEA/Project/Project 1/project1_handout/corona_dirk/build/Eigen-prefix/src/Eigen-build/CMakeFiles/CMakeTmp

Run Build Command(s):/usr/bin/make -f Makefile cmTC_0f269/fast && /Applications/Xcode.app/Contents/Developer/usr/bin/make  -f CMakeFiles/cmTC_0f269.dir/build.make CMakeFiles/cmTC_0f269.dir/build
Building C object CMakeFiles/cmTC_0f269.dir/src.c.o
/Applications/Xcode.app/Contents/Developer/Toolchains/XcodeDefault.xctoolchain/usr/bin/cc -DLAPACK_USE_F2C -DSCOTCH_Num_8  -isysroot /Applications/Xcode.app/Contents/Developer/Platforms/MacOSX.platform/Developer/SDKs/MacOSX11.3.sdk -MD -MT CMakeFiles/cmTC_0f269.dir/src.c.o -MF CMakeFiles/cmTC_0f269.dir/src.c.o.d -o CMakeFiles/cmTC_0f269.dir/src.c.o -c "/Users/michael/Downloads/MAVT/B_HS21/CMEA/Project/Project 1/project1_handout/corona_dirk/build/Eigen-prefix/src/Eigen-build/CMakeFiles/CMakeTmp/src.c"
/Users/michael/Downloads/MAVT/B_HS21/CMEA/Project/Project 1/project1_handout/corona_dirk/build/Eigen-prefix/src/Eigen-build/CMakeFiles/CMakeTmp/src.c:4:10: fatal error: 'scotch.h' file not found
#include <scotch.h>
         ^~~~~~~~~~
1 error generated.
make[4]: *** [CMakeFiles/cmTC_0f269.dir/src.c.o] Error 1
make[3]: *** [cmTC_0f269/fast] Error 2


...and run output:

Return value: 1
Source file was:

#include <stdio.h>
#include <stdint.h>
#include <scotch.h>
int main(int argc, char **argv) {
  if (sizeof(SCOTCH_Num) == 8)
    return 0;
  else
    return 1;
}

The MPI test test_mpi for C in mode normal failed to compile with the following output:
Change Dir: /Users/michael/Downloads/MAVT/B_HS21/CMEA/Project/Project 1/project1_handout/corona_dirk/build/Eigen-prefix/src/Eigen-build/CMakeFiles/CMakeTmp

Run Build Command(s):/usr/bin/make -f Makefile cmTC_64855/fast && /Applications/Xcode.app/Contents/Developer/usr/bin/make  -f CMakeFiles/cmTC_64855.dir/build.make CMakeFiles/cmTC_64855.dir/build
Building C object CMakeFiles/cmTC_64855.dir/test_mpi.c.o
/Applications/Xcode.app/Contents/Developer/Toolchains/XcodeDefault.xctoolchain/usr/bin/cc   -isysroot /Applications/Xcode.app/Contents/Developer/Platforms/MacOSX.platform/Developer/SDKs/MacOSX11.3.sdk -MD -MT CMakeFiles/cmTC_64855.dir/test_mpi.c.o -MF CMakeFiles/cmTC_64855.dir/test_mpi.c.o.d -o CMakeFiles/cmTC_64855.dir/test_mpi.c.o -c /Applications/CMake.app/Contents/share/cmake-3.21/Modules/FindMPI/test_mpi.c
/Applications/CMake.app/Contents/share/cmake-3.21/Modules/FindMPI/test_mpi.c:1:10: fatal error: 'mpi.h' file not found
#include <mpi.h>
         ^~~~~~~
1 error generated.
make[4]: *** [CMakeFiles/cmTC_64855.dir/test_mpi.c.o] Error 1
make[3]: *** [cmTC_64855/fast] Error 2



The MPI test test_mpi for CXX in mode normal failed to compile with the following output:
Change Dir: /Users/michael/Downloads/MAVT/B_HS21/CMEA/Project/Project 1/project1_handout/corona_dirk/build/Eigen-prefix/src/Eigen-build/CMakeFiles/CMakeTmp

Run Build Command(s):/usr/bin/make -f Makefile cmTC_bb2d3/fast && /Applications/Xcode.app/Contents/Developer/usr/bin/make  -f CMakeFiles/cmTC_bb2d3.dir/build.make CMakeFiles/cmTC_bb2d3.dir/build
Building CXX object CMakeFiles/cmTC_bb2d3.dir/test_mpi.cpp.o
/Applications/Xcode.app/Contents/Developer/Toolchains/XcodeDefault.xctoolchain/usr/bin/c++   -std=c++03 -pedantic -Wall -Wextra -Wundef -Wcast-align -Wchar-subscripts -Wnon-virtual-dtor -Wunused-local-typedefs -Wpointer-arith -Wwrite-strings -Wformat-security -Wshorten-64-to-32 -Wenum-conversion -Wc++11-extensions -Wdouble-promotion -Wshadow -Wno-psabi -Wno-variadic-macros -Wno-long-long -fno-check-new -fno-common -fstrict-aliasing -Qunused-arguments -ansi  -isysroot /Applications/Xcode.app/Contents/Developer/Platforms/MacOSX.platform/Developer/SDKs/MacOSX11.3.sdk -MD -MT CMakeFiles/cmTC_bb2d3.dir/test_mpi.cpp.o -MF CMakeFiles/cmTC_bb2d3.dir/test_mpi.cpp.o.d -o CMakeFiles/cmTC_bb2d3.dir/test_mpi.cpp.o -c "/Users/michael/Downloads/MAVT/B_HS21/CMEA/Project/Project 1/project1_handout/corona_dirk/build/Eigen-prefix/src/Eigen-build/CMakeFiles/FindMPI/test_mpi.cpp"
/Users/michael/Downloads/MAVT/B_HS21/CMEA/Project/Project 1/project1_handout/corona_dirk/build/Eigen-prefix/src/Eigen-build/CMakeFiles/FindMPI/test_mpi.cpp:1:10: fatal error: 'mpi.h' file not found
#include <mpi.h>
         ^~~~~~~
1 error generated.
make[4]: *** [CMakeFiles/cmTC_bb2d3.dir/test_mpi.cpp.o] Error 1
make[3]: *** [cmTC_bb2d3/fast] Error 2



Performing C SOURCE FILE Test PTSCOTCH_Num_4 failed with the following compile output:
Change Dir: /Users/michael/Downloads/MAVT/B_HS21/CMEA/Project/Project 1/project1_handout/corona_dirk/build/Eigen-prefix/src/Eigen-build/CMakeFiles/CMakeTmp

Run Build Command(s):/usr/bin/make -f Makefile cmTC_f111d/fast && /Applications/Xcode.app/Contents/Developer/usr/bin/make  -f CMakeFiles/cmTC_f111d.dir/build.make CMakeFiles/cmTC_f111d.dir/build
Building C object CMakeFiles/cmTC_f111d.dir/src.c.o
/Applications/Xcode.app/Contents/Developer/Toolchains/XcodeDefault.xctoolchain/usr/bin/cc -DLAPACK_USE_F2C -DPTSCOTCH_Num_4  -isysroot /Applications/Xcode.app/Contents/Developer/Platforms/MacOSX.platform/Developer/SDKs/MacOSX11.3.sdk -MD -MT CMakeFiles/cmTC_f111d.dir/src.c.o -MF CMakeFiles/cmTC_f111d.dir/src.c.o.d -o CMakeFiles/cmTC_f111d.dir/src.c.o -c "/Users/michael/Downloads/MAVT/B_HS21/CMEA/Project/Project 1/project1_handout/corona_dirk/build/Eigen-prefix/src/Eigen-build/CMakeFiles/CMakeTmp/src.c"
/Users/michael/Downloads/MAVT/B_HS21/CMEA/Project/Project 1/project1_handout/corona_dirk/build/Eigen-prefix/src/Eigen-build/CMakeFiles/CMakeTmp/src.c:4:10: fatal error: 'ptscotch.h' file not found
#include <ptscotch.h>
         ^~~~~~~~~~~~
1 error generated.
make[4]: *** [CMakeFiles/cmTC_f111d.dir/src.c.o] Error 1
make[3]: *** [cmTC_f111d/fast] Error 2


...and run output:

Return value: 1
Source file was:

#include <stdio.h>
#include <stdint.h>
#include <ptscotch.h>
int main(int argc, char **argv) {
  if (sizeof(SCOTCH_Num) == 4)
    return 0;
  else
    return 1;
}

Performing C SOURCE FILE Test PTSCOTCH_Num_8 failed with the following compile output:
Change Dir: /Users/michael/Downloads/MAVT/B_HS21/CMEA/Project/Project 1/project1_handout/corona_dirk/build/Eigen-prefix/src/Eigen-build/CMakeFiles/CMakeTmp

Run Build Command(s):/usr/bin/make -f Makefile cmTC_cff20/fast && /Applications/Xcode.app/Contents/Developer/usr/bin/make  -f CMakeFiles/cmTC_cff20.dir/build.make CMakeFiles/cmTC_cff20.dir/build
Building C object CMakeFiles/cmTC_cff20.dir/src.c.o
/Applications/Xcode.app/Contents/Developer/Toolchains/XcodeDefault.xctoolchain/usr/bin/cc -DLAPACK_USE_F2C -DPTSCOTCH_Num_8  -isysroot /Applications/Xcode.app/Contents/Developer/Platforms/MacOSX.platform/Developer/SDKs/MacOSX11.3.sdk -MD -MT CMakeFiles/cmTC_cff20.dir/src.c.o -MF CMakeFiles/cmTC_cff20.dir/src.c.o.d -o CMakeFiles/cmTC_cff20.dir/src.c.o -c "/Users/michael/Downloads/MAVT/B_HS21/CMEA/Project/Project 1/project1_handout/corona_dirk/build/Eigen-prefix/src/Eigen-build/CMakeFiles/CMakeTmp/src.c"
/Users/michael/Downloads/MAVT/B_HS21/CMEA/Project/Project 1/project1_handout/corona_dirk/build/Eigen-prefix/src/Eigen-build/CMakeFiles/CMakeTmp/src.c:4:10: fatal error: 'ptscotch.h' file not found
#include <ptscotch.h>
         ^~~~~~~~~~~~
1 error generated.
make[4]: *** [CMakeFiles/cmTC_cff20.dir/src.c.o] Error 1
make[3]: *** [cmTC_cff20/fast] Error 2


...and run output:

Return value: 1
Source file was:

#include <stdio.h>
#include <stdint.h>
#include <ptscotch.h>
int main(int argc, char **argv) {
  if (sizeof(SCOTCH_Num) == 8)
    return 0;
  else
    return 1;
}

The MPI test test_mpi for C in mode normal failed to compile with the following output:
Change Dir: /Users/michael/Downloads/MAVT/B_HS21/CMEA/Project/Project 1/project1_handout/corona_dirk/build/Eigen-prefix/src/Eigen-build/CMakeFiles/CMakeTmp

Run Build Command(s):/usr/bin/make -f Makefile cmTC_6e97f/fast && /Applications/Xcode.app/Contents/Developer/usr/bin/make  -f CMakeFiles/cmTC_6e97f.dir/build.make CMakeFiles/cmTC_6e97f.dir/build
Building C object CMakeFiles/cmTC_6e97f.dir/test_mpi.c.o
/Applications/Xcode.app/Contents/Developer/Toolchains/XcodeDefault.xctoolchain/usr/bin/cc   -isysroot /Applications/Xcode.app/Contents/Developer/Platforms/MacOSX.platform/Developer/SDKs/MacOSX11.3.sdk -MD -MT CMakeFiles/cmTC_6e97f.dir/test_mpi.c.o -MF CMakeFiles/cmTC_6e97f.dir/test_mpi.c.o.d -o CMakeFiles/cmTC_6e97f.dir/test_mpi.c.o -c /Applications/CMake.app/Contents/share/cmake-3.21/Modules/FindMPI/test_mpi.c
/Applications/CMake.app/Contents/share/cmake-3.21/Modules/FindMPI/test_mpi.c:1:10: fatal error: 'mpi.h' file not found
#include <mpi.h>
         ^~~~~~~
1 error generated.
make[4]: *** [CMakeFiles/cmTC_6e97f.dir/test_mpi.c.o] Error 1
make[3]: *** [cmTC_6e97f/fast] Error 2



The MPI test test_mpi for CXX in mode normal failed to compile with the following output:
Change Dir: /Users/michael/Downloads/MAVT/B_HS21/CMEA/Project/Project 1/project1_handout/corona_dirk/build/Eigen-prefix/src/Eigen-build/CMakeFiles/CMakeTmp

Run Build Command(s):/usr/bin/make -f Makefile cmTC_65835/fast && /Applications/Xcode.app/Contents/Developer/usr/bin/make  -f CMakeFiles/cmTC_65835.dir/build.make CMakeFiles/cmTC_65835.dir/build
Building CXX object CMakeFiles/cmTC_65835.dir/test_mpi.cpp.o
/Applications/Xcode.app/Contents/Developer/Toolchains/XcodeDefault.xctoolchain/usr/bin/c++   -std=c++03 -pedantic -Wall -Wextra -Wundef -Wcast-align -Wchar-subscripts -Wnon-virtual-dtor -Wunused-local-typedefs -Wpointer-arith -Wwrite-strings -Wformat-security -Wshorten-64-to-32 -Wenum-conversion -Wc++11-extensions -Wdouble-promotion -Wshadow -Wno-psabi -Wno-variadic-macros -Wno-long-long -fno-check-new -fno-common -fstrict-aliasing -Qunused-arguments -ansi  -isysroot /Applications/Xcode.app/Contents/Developer/Platforms/MacOSX.platform/Developer/SDKs/MacOSX11.3.sdk -MD -MT CMakeFiles/cmTC_65835.dir/test_mpi.cpp.o -MF CMakeFiles/cmTC_65835.dir/test_mpi.cpp.o.d -o CMakeFiles/cmTC_65835.dir/test_mpi.cpp.o -c "/Users/michael/Downloads/MAVT/B_HS21/CMEA/Project/Project 1/project1_handout/corona_dirk/build/Eigen-prefix/src/Eigen-build/CMakeFiles/FindMPI/test_mpi.cpp"
/Users/michael/Downloads/MAVT/B_HS21/CMEA/Project/Project 1/project1_handout/corona_dirk/build/Eigen-prefix/src/Eigen-build/CMakeFiles/FindMPI/test_mpi.cpp:1:10: fatal error: 'mpi.h' file not found
#include <mpi.h>
         ^~~~~~~
1 error generated.
make[4]: *** [CMakeFiles/cmTC_65835.dir/test_mpi.cpp.o] Error 1
make[3]: *** [cmTC_65835/fast] Error 2



The MPI test test_mpi for C in mode normal failed to compile with the following output:
Change Dir: /Users/michael/Downloads/MAVT/B_HS21/CMEA/Project/Project 1/project1_handout/corona_dirk/build/Eigen-prefix/src/Eigen-build/CMakeFiles/CMakeTmp

Run Build Command(s):/usr/bin/make -f Makefile cmTC_9dd66/fast && /Applications/Xcode.app/Contents/Developer/usr/bin/make  -f CMakeFiles/cmTC_9dd66.dir/build.make CMakeFiles/cmTC_9dd66.dir/build
Building C object CMakeFiles/cmTC_9dd66.dir/test_mpi.c.o
/Applications/Xcode.app/Contents/Developer/Toolchains/XcodeDefault.xctoolchain/usr/bin/cc   -isysroot /Applications/Xcode.app/Contents/Developer/Platforms/MacOSX.platform/Developer/SDKs/MacOSX11.3.sdk -MD -MT CMakeFiles/cmTC_9dd66.dir/test_mpi.c.o -MF CMakeFiles/cmTC_9dd66.dir/test_mpi.c.o.d -o CMakeFiles/cmTC_9dd66.dir/test_mpi.c.o -c /Applications/CMake.app/Contents/share/cmake-3.21/Modules/FindMPI/test_mpi.c
/Applications/CMake.app/Contents/share/cmake-3.21/Modules/FindMPI/test_mpi.c:1:10: fatal error: 'mpi.h' file not found
#include <mpi.h>
         ^~~~~~~
1 error generated.
make[4]: *** [CMakeFiles/cmTC_9dd66.dir/test_mpi.c.o] Error 1
make[3]: *** [cmTC_9dd66/fast] Error 2



The MPI test test_mpi for CXX in mode normal failed to compile with the following output:
Change Dir: /Users/michael/Downloads/MAVT/B_HS21/CMEA/Project/Project 1/project1_handout/corona_dirk/build/Eigen-prefix/src/Eigen-build/CMakeFiles/CMakeTmp

Run Build Command(s):/usr/bin/make -f Makefile cmTC_ef44b/fast && /Applications/Xcode.app/Contents/Developer/usr/bin/make  -f CMakeFiles/cmTC_ef44b.dir/build.make CMakeFiles/cmTC_ef44b.dir/build
Building CXX object CMakeFiles/cmTC_ef44b.dir/test_mpi.cpp.o
/Applications/Xcode.app/Contents/Developer/Toolchains/XcodeDefault.xctoolchain/usr/bin/c++   -std=c++03 -pedantic -Wall -Wextra -Wundef -Wcast-align -Wchar-subscripts -Wnon-virtual-dtor -Wunused-local-typedefs -Wpointer-arith -Wwrite-strings -Wformat-security -Wshorten-64-to-32 -Wenum-conversion -Wc++11-extensions -Wdouble-promotion -Wshadow -Wno-psabi -Wno-variadic-macros -Wno-long-long -fno-check-new -fno-common -fstrict-aliasing -Qunused-arguments -ansi  -isysroot /Applications/Xcode.app/Contents/Developer/Platforms/MacOSX.platform/Developer/SDKs/MacOSX11.3.sdk -MD -MT CMakeFiles/cmTC_ef44b.dir/test_mpi.cpp.o -MF CMakeFiles/cmTC_ef44b.dir/test_mpi.cpp.o.d -o CMakeFiles/cmTC_ef44b.dir/test_mpi.cpp.o -c "/Users/michael/Downloads/MAVT/B_HS21/CMEA/Project/Project 1/project1_handout/corona_dirk/build/Eigen-prefix/src/Eigen-build/CMakeFiles/FindMPI/test_mpi.cpp"
/Users/michael/Downloads/MAVT/B_HS21/CMEA/Project/Project 1/project1_handout/corona_dirk/build/Eigen-prefix/src/Eigen-build/CMakeFiles/FindMPI/test_mpi.cpp:1:10: fatal error: 'mpi.h' file not found
#include <mpi.h>
         ^~~~~~~
1 error generated.
make[4]: *** [CMakeFiles/cmTC_ef44b.dir/test_mpi.cpp.o] Error 1
make[3]: *** [cmTC_ef44b/fast] Error 2



