Compiling the C compiler identification source file "CMakeCCompilerId.c" failed.
Compiler: /Applications/Xcode.app/Contents/Developer/Toolchains/XcodeDefault.xctoolchain/usr/bin/cc 
Build flags: 
Id flags:  

The output was:
1
ld: library not found for -lSystem
clang: error: linker command failed with exit code 1 (use -v to see invocation)


Compiling the CXX compiler identification source file "CMakeCXXCompilerId.cpp" failed.
Compiler: /Applications/Xcode.app/Contents/Developer/Toolchains/XcodeDefault.xctoolchain/usr/bin/c++ 
Build flags: 
Id flags:  

The output was:
1
ld: library not found for -lc++
clang: error: linker command failed with exit code 1 (use -v to see invocation)


Performing C++ SOURCE FILE Test COMPILER_SUPPORT_Wlogicalop failed with the following output:
Change Dir: /Users/michael/Downloads/MAVT/B_HS21/CMEA/Project/Project 1/project1_handout/heun_timestep/build/Eigen-prefix/src/Eigen-build/CMakeFiles/CMakeTmp

Run Build Command(s):/usr/bin/make -f Makefile cmTC_d862d/fast && /Applications/Xcode.app/Contents/Developer/usr/bin/make  -f CMakeFiles/cmTC_d862d.dir/build.make CMakeFiles/cmTC_d862d.dir/build
Building CXX object CMakeFiles/cmTC_d862d.dir/src.cxx.o
/Applications/Xcode.app/Contents/Developer/Toolchains/XcodeDefault.xctoolchain/usr/bin/c++ -DCOMPILER_SUPPORT_Wlogicalop  -std=c++03 -pedantic -Wall -Wextra -Wundef -Wcast-align -Wchar-subscripts -Wnon-virtual-dtor -Wunused-local-typedefs -Wpointer-arith -Wwrite-strings -Wformat-security -Wshorten-64-to-32 -Werror -isysroot /Applications/Xcode.app/Contents/Developer/Platforms/MacOSX.platform/Developer/SDKs/MacOSX12.0.sdk   -Wlogical-op -MD -MT CMakeFiles/cmTC_d862d.dir/src.cxx.o -MF CMakeFiles/cmTC_d862d.dir/src.cxx.o.d -o CMakeFiles/cmTC_d862d.dir/src.cxx.o -c "/Users/michael/Downloads/MAVT/B_HS21/CMEA/Project/Project 1/project1_handout/heun_timestep/build/Eigen-prefix/src/Eigen-build/CMakeFiles/CMakeTmp/src.cxx"
error: unknown warning option '-Wlogical-op'; did you mean '-Wlong-long'? [-Werror,-Wunknown-warning-option]
make[4]: *** [CMakeFiles/cmTC_d862d.dir/src.cxx.o] Error 1
make[3]: *** [cmTC_d862d/fast] Error 2


Source file was:
int main() { return 0; }
Performing C++ SOURCE FILE Test COMPILER_SUPPORT_wd981 failed with the following output:
Change Dir: /Users/michael/Downloads/MAVT/B_HS21/CMEA/Project/Project 1/project1_handout/heun_timestep/build/Eigen-prefix/src/Eigen-build/CMakeFiles/CMakeTmp

Run Build Command(s):/usr/bin/make -f Makefile cmTC_2b216/fast && /Applications/Xcode.app/Contents/Developer/usr/bin/make  -f CMakeFiles/cmTC_2b216.dir/build.make CMakeFiles/cmTC_2b216.dir/build
Building CXX object CMakeFiles/cmTC_2b216.dir/src.cxx.o
/Applications/Xcode.app/Contents/Developer/Toolchains/XcodeDefault.xctoolchain/usr/bin/c++ -DCOMPILER_SUPPORT_wd981  -std=c++03 -pedantic -Wall -Wextra -Wundef -Wcast-align -Wchar-subscripts -Wnon-virtual-dtor -Wunused-local-typedefs -Wpointer-arith -Wwrite-strings -Wformat-security -Wshorten-64-to-32 -Wenum-conversion -Wc++11-extensions -Wdouble-promotion -Wshadow -Wno-psabi -Wno-variadic-macros -Wno-long-long -fno-check-new -fno-common -fstrict-aliasing -Werror -isysroot /Applications/Xcode.app/Contents/Developer/Platforms/MacOSX.platform/Developer/SDKs/MacOSX12.0.sdk   -wd981 -MD -MT CMakeFiles/cmTC_2b216.dir/src.cxx.o -MF CMakeFiles/cmTC_2b216.dir/src.cxx.o.d -o CMakeFiles/cmTC_2b216.dir/src.cxx.o -c "/Users/michael/Downloads/MAVT/B_HS21/CMEA/Project/Project 1/project1_handout/heun_timestep/build/Eigen-prefix/src/Eigen-build/CMakeFiles/CMakeTmp/src.cxx"
clang: error: unknown argument: '-wd981'
make[4]: *** [CMakeFiles/cmTC_2b216.dir/src.cxx.o] Error 1
make[3]: *** [cmTC_2b216/fast] Error 2


Source file was:
int main() { return 0; }
Performing C++ SOURCE FILE Test COMPILER_SUPPORT_wd2304 failed with the following output:
Change Dir: /Users/michael/Downloads/MAVT/B_HS21/CMEA/Project/Project 1/project1_handout/heun_timestep/build/Eigen-prefix/src/Eigen-build/CMakeFiles/CMakeTmp

Run Build Command(s):/usr/bin/make -f Makefile cmTC_14653/fast && /Applications/Xcode.app/Contents/Developer/usr/bin/make  -f CMakeFiles/cmTC_14653.dir/build.make CMakeFiles/cmTC_14653.dir/build
Building CXX object CMakeFiles/cmTC_14653.dir/src.cxx.o
/Applications/Xcode.app/Contents/Developer/Toolchains/XcodeDefault.xctoolchain/usr/bin/c++ -DCOMPILER_SUPPORT_wd2304  -std=c++03 -pedantic -Wall -Wextra -Wundef -Wcast-align -Wchar-subscripts -Wnon-virtual-dtor -Wunused-local-typedefs -Wpointer-arith -Wwrite-strings -Wformat-security -Wshorten-64-to-32 -Wenum-conversion -Wc++11-extensions -Wdouble-promotion -Wshadow -Wno-psabi -Wno-variadic-macros -Wno-long-long -fno-check-new -fno-common -fstrict-aliasing -Werror -isysroot /Applications/Xcode.app/Contents/Developer/Platforms/MacOSX.platform/Developer/SDKs/MacOSX12.0.sdk   -wd2304 -MD -MT CMakeFiles/cmTC_14653.dir/src.cxx.o -MF CMakeFiles/cmTC_14653.dir/src.cxx.o.d -o CMakeFiles/cmTC_14653.dir/src.cxx.o -c "/Users/michael/Downloads/MAVT/B_HS21/CMEA/Project/Project 1/project1_handout/heun_timestep/build/Eigen-prefix/src/Eigen-build/CMakeFiles/CMakeTmp/src.cxx"
clang: error: unknown argument: '-wd2304'
make[4]: *** [CMakeFiles/cmTC_14653.dir/src.cxx.o] Error 1
make[3]: *** [cmTC_14653/fast] Error 2


Source file was:
int main() { return 0; }
Performing C++ SOURCE FILE Test COMPILER_SUPPORT_STRICTANSI failed with the following output:
Change Dir: /Users/michael/Downloads/MAVT/B_HS21/CMEA/Project/Project 1/project1_handout/heun_timestep/build/Eigen-prefix/src/Eigen-build/CMakeFiles/CMakeTmp

Run Build Command(s):/usr/bin/make -f Makefile cmTC_183bc/fast && /Applications/Xcode.app/Contents/Developer/usr/bin/make  -f CMakeFiles/cmTC_183bc.dir/build.make CMakeFiles/cmTC_183bc.dir/build
Building CXX object CMakeFiles/cmTC_183bc.dir/src.cxx.o
/Applications/Xcode.app/Contents/Developer/Toolchains/XcodeDefault.xctoolchain/usr/bin/c++ -DCOMPILER_SUPPORT_STRICTANSI  -std=c++03 -pedantic -Wall -Wextra -Wundef -Wcast-align -Wchar-subscripts -Wnon-virtual-dtor -Wunused-local-typedefs -Wpointer-arith -Wwrite-strings -Wformat-security -Wshorten-64-to-32 -Wenum-conversion -Wc++11-extensions -Wdouble-promotion -Wshadow -Wno-psabi -Wno-variadic-macros -Wno-long-long -fno-check-new -fno-common -fstrict-aliasing -Werror -isysroot /Applications/Xcode.app/Contents/Developer/Platforms/MacOSX.platform/Developer/SDKs/MacOSX12.0.sdk   -strict-ansi -MD -MT CMakeFiles/cmTC_183bc.dir/src.cxx.o -MF CMakeFiles/cmTC_183bc.dir/src.cxx.o.d -o CMakeFiles/cmTC_183bc.dir/src.cxx.o -c "/Users/michael/Downloads/MAVT/B_HS21/CMEA/Project/Project 1/project1_handout/heun_timestep/build/Eigen-prefix/src/Eigen-build/CMakeFiles/CMakeTmp/src.cxx"
clang: error: unknown argument: '-strict-ansi'
make[4]: *** [CMakeFiles/cmTC_183bc.dir/src.cxx.o] Error 1
make[3]: *** [cmTC_183bc/fast] Error 2


Source file was:
int main() { return 0; }
Performing C++ SOURCE FILE Test COMPILER_SUPPORT_OPENMP failed with the following output:
Change Dir: /Users/michael/Downloads/MAVT/B_HS21/CMEA/Project/Project 1/project1_handout/heun_timestep/build/Eigen-prefix/src/Eigen-build/CMakeFiles/CMakeTmp

Run Build Command(s):/usr/bin/make -f Makefile cmTC_6582b/fast && /Applications/Xcode.app/Contents/Developer/usr/bin/make  -f CMakeFiles/cmTC_6582b.dir/build.make CMakeFiles/cmTC_6582b.dir/build
Building CXX object CMakeFiles/cmTC_6582b.dir/src.cxx.o
/Applications/Xcode.app/Contents/Developer/Toolchains/XcodeDefault.xctoolchain/usr/bin/c++ -DCOMPILER_SUPPORT_OPENMP  -std=c++03 -pedantic -Wall -Wextra -Wundef -Wcast-align -Wchar-subscripts -Wnon-virtual-dtor -Wunused-local-typedefs -Wpointer-arith -Wwrite-strings -Wformat-security -Wshorten-64-to-32 -Wenum-conversion -Wc++11-extensions -Wdouble-promotion -Wshadow -Wno-psabi -Wno-variadic-macros -Wno-long-long -fno-check-new -fno-common -fstrict-aliasing -Qunused-arguments -ansi  -isysroot /Applications/Xcode.app/Contents/Developer/Platforms/MacOSX.platform/Developer/SDKs/MacOSX12.0.sdk   -fopenmp -MD -MT CMakeFiles/cmTC_6582b.dir/src.cxx.o -MF CMakeFiles/cmTC_6582b.dir/src.cxx.o.d -o CMakeFiles/cmTC_6582b.dir/src.cxx.o -c "/Users/michael/Downloads/MAVT/B_HS21/CMEA/Project/Project 1/project1_handout/heun_timestep/build/Eigen-prefix/src/Eigen-build/CMakeFiles/CMakeTmp/src.cxx"
clang: error: unsupported option '-fopenmp'
make[4]: *** [CMakeFiles/cmTC_6582b.dir/src.cxx.o] Error 1
make[3]: *** [cmTC_6582b/fast] Error 2


Source file was:
int main() { return 0; }
The MPI test test_mpi for C in mode normal failed to compile with the following output:
Change Dir: /Users/michael/Downloads/MAVT/B_HS21/CMEA/Project/Project 1/project1_handout/heun_timestep/build/Eigen-prefix/src/Eigen-build/CMakeFiles/CMakeTmp

Run Build Command(s):/usr/bin/make -f Makefile cmTC_2de05/fast && /Applications/Xcode.app/Contents/Developer/usr/bin/make  -f CMakeFiles/cmTC_2de05.dir/build.make CMakeFiles/cmTC_2de05.dir/build
Building C object CMakeFiles/cmTC_2de05.dir/test_mpi.c.o
/Applications/Xcode.app/Contents/Developer/Toolchains/XcodeDefault.xctoolchain/usr/bin/cc   -isysroot /Applications/Xcode.app/Contents/Developer/Platforms/MacOSX.platform/Developer/SDKs/MacOSX12.0.sdk -MD -MT CMakeFiles/cmTC_2de05.dir/test_mpi.c.o -MF CMakeFiles/cmTC_2de05.dir/test_mpi.c.o.d -o CMakeFiles/cmTC_2de05.dir/test_mpi.c.o -c /Applications/CMake.app/Contents/share/cmake-3.21/Modules/FindMPI/test_mpi.c
/Applications/CMake.app/Contents/share/cmake-3.21/Modules/FindMPI/test_mpi.c:1:10: fatal error: 'mpi.h' file not found
#include <mpi.h>
         ^~~~~~~
1 error generated.
make[4]: *** [CMakeFiles/cmTC_2de05.dir/test_mpi.c.o] Error 1
make[3]: *** [cmTC_2de05/fast] Error 2



The MPI test test_mpi for CXX in mode normal failed to compile with the following output:
Change Dir: /Users/michael/Downloads/MAVT/B_HS21/CMEA/Project/Project 1/project1_handout/heun_timestep/build/Eigen-prefix/src/Eigen-build/CMakeFiles/CMakeTmp

Run Build Command(s):/usr/bin/make -f Makefile cmTC_60722/fast && /Applications/Xcode.app/Contents/Developer/usr/bin/make  -f CMakeFiles/cmTC_60722.dir/build.make CMakeFiles/cmTC_60722.dir/build
Building CXX object CMakeFiles/cmTC_60722.dir/test_mpi.cpp.o
/Applications/Xcode.app/Contents/Developer/Toolchains/XcodeDefault.xctoolchain/usr/bin/c++   -std=c++03 -pedantic -Wall -Wextra -Wundef -Wcast-align -Wchar-subscripts -Wnon-virtual-dtor -Wunused-local-typedefs -Wpointer-arith -Wwrite-strings -Wformat-security -Wshorten-64-to-32 -Wenum-conversion -Wc++11-extensions -Wdouble-promotion -Wshadow -Wno-psabi -Wno-variadic-macros -Wno-long-long -fno-check-new -fno-common -fstrict-aliasing -Qunused-arguments -ansi  -isysroot /Applications/Xcode.app/Contents/Developer/Platforms/MacOSX.platform/Developer/SDKs/MacOSX12.0.sdk -MD -MT CMakeFiles/cmTC_60722.dir/test_mpi.cpp.o -MF CMakeFiles/cmTC_60722.dir/test_mpi.cpp.o.d -o CMakeFiles/cmTC_60722.dir/test_mpi.cpp.o -c "/Users/michael/Downloads/MAVT/B_HS21/CMEA/Project/Project 1/project1_handout/heun_timestep/build/Eigen-prefix/src/Eigen-build/CMakeFiles/FindMPI/test_mpi.cpp"
/Users/michael/Downloads/MAVT/B_HS21/CMEA/Project/Project 1/project1_handout/heun_timestep/build/Eigen-prefix/src/Eigen-build/CMakeFiles/FindMPI/test_mpi.cpp:1:10: fatal error: 'mpi.h' file not found
#include <mpi.h>
         ^~~~~~~
1 error generated.
make[4]: *** [CMakeFiles/cmTC_60722.dir/test_mpi.cpp.o] Error 1
make[3]: *** [cmTC_60722/fast] Error 2



Performing C SOURCE FILE Test SCOTCH_Num_4 failed with the following compile output:
Change Dir: /Users/michael/Downloads/MAVT/B_HS21/CMEA/Project/Project 1/project1_handout/heun_timestep/build/Eigen-prefix/src/Eigen-build/CMakeFiles/CMakeTmp

Run Build Command(s):/usr/bin/make -f Makefile cmTC_ba7cf/fast && /Applications/Xcode.app/Contents/Developer/usr/bin/make  -f CMakeFiles/cmTC_ba7cf.dir/build.make CMakeFiles/cmTC_ba7cf.dir/build
Building C object CMakeFiles/cmTC_ba7cf.dir/src.c.o
/Applications/Xcode.app/Contents/Developer/Toolchains/XcodeDefault.xctoolchain/usr/bin/cc -DLAPACK_USE_F2C -DSCOTCH_Num_4  -isysroot /Applications/Xcode.app/Contents/Developer/Platforms/MacOSX.platform/Developer/SDKs/MacOSX12.0.sdk -MD -MT CMakeFiles/cmTC_ba7cf.dir/src.c.o -MF CMakeFiles/cmTC_ba7cf.dir/src.c.o.d -o CMakeFiles/cmTC_ba7cf.dir/src.c.o -c "/Users/michael/Downloads/MAVT/B_HS21/CMEA/Project/Project 1/project1_handout/heun_timestep/build/Eigen-prefix/src/Eigen-build/CMakeFiles/CMakeTmp/src.c"
/Users/michael/Downloads/MAVT/B_HS21/CMEA/Project/Project 1/project1_handout/heun_timestep/build/Eigen-prefix/src/Eigen-build/CMakeFiles/CMakeTmp/src.c:4:10: fatal error: 'scotch.h' file not found
#include <scotch.h>
         ^~~~~~~~~~
1 error generated.
make[4]: *** [CMakeFiles/cmTC_ba7cf.dir/src.c.o] Error 1
make[3]: *** [cmTC_ba7cf/fast] Error 2


...and run output:

Return value: 1
Source file was:

#include <stdio.h>
#include <stdint.h>
#include <scotch.h>
int main(int argc, char **argv) {
  if (sizeof(SCOTCH_Num) == 4)
    return 0;
  else
    return 1;
}

Performing C SOURCE FILE Test SCOTCH_Num_8 failed with the following compile output:
Change Dir: /Users/michael/Downloads/MAVT/B_HS21/CMEA/Project/Project 1/project1_handout/heun_timestep/build/Eigen-prefix/src/Eigen-build/CMakeFiles/CMakeTmp

Run Build Command(s):/usr/bin/make -f Makefile cmTC_060d9/fast && /Applications/Xcode.app/Contents/Developer/usr/bin/make  -f CMakeFiles/cmTC_060d9.dir/build.make CMakeFiles/cmTC_060d9.dir/build
Building C object CMakeFiles/cmTC_060d9.dir/src.c.o
/Applications/Xcode.app/Contents/Developer/Toolchains/XcodeDefault.xctoolchain/usr/bin/cc -DLAPACK_USE_F2C -DSCOTCH_Num_8  -isysroot /Applications/Xcode.app/Contents/Developer/Platforms/MacOSX.platform/Developer/SDKs/MacOSX12.0.sdk -MD -MT CMakeFiles/cmTC_060d9.dir/src.c.o -MF CMakeFiles/cmTC_060d9.dir/src.c.o.d -o CMakeFiles/cmTC_060d9.dir/src.c.o -c "/Users/michael/Downloads/MAVT/B_HS21/CMEA/Project/Project 1/project1_handout/heun_timestep/build/Eigen-prefix/src/Eigen-build/CMakeFiles/CMakeTmp/src.c"
/Users/michael/Downloads/MAVT/B_HS21/CMEA/Project/Project 1/project1_handout/heun_timestep/build/Eigen-prefix/src/Eigen-build/CMakeFiles/CMakeTmp/src.c:4:10: fatal error: 'scotch.h' file not found
#include <scotch.h>
         ^~~~~~~~~~
1 error generated.
make[4]: *** [CMakeFiles/cmTC_060d9.dir/src.c.o] Error 1
make[3]: *** [cmTC_060d9/fast] Error 2


...and run output:

Return value: 1
Source file was:

#include <stdio.h>
#include <stdint.h>
#include <scotch.h>
int main(int argc, char **argv) {
  if (sizeof(SCOTCH_Num) == 8)
    return 0;
  else
    return 1;
}

The MPI test test_mpi for C in mode normal failed to compile with the following output:
Change Dir: /Users/michael/Downloads/MAVT/B_HS21/CMEA/Project/Project 1/project1_handout/heun_timestep/build/Eigen-prefix/src/Eigen-build/CMakeFiles/CMakeTmp

Run Build Command(s):/usr/bin/make -f Makefile cmTC_4f28f/fast && /Applications/Xcode.app/Contents/Developer/usr/bin/make  -f CMakeFiles/cmTC_4f28f.dir/build.make CMakeFiles/cmTC_4f28f.dir/build
Building C object CMakeFiles/cmTC_4f28f.dir/test_mpi.c.o
/Applications/Xcode.app/Contents/Developer/Toolchains/XcodeDefault.xctoolchain/usr/bin/cc   -isysroot /Applications/Xcode.app/Contents/Developer/Platforms/MacOSX.platform/Developer/SDKs/MacOSX12.0.sdk -MD -MT CMakeFiles/cmTC_4f28f.dir/test_mpi.c.o -MF CMakeFiles/cmTC_4f28f.dir/test_mpi.c.o.d -o CMakeFiles/cmTC_4f28f.dir/test_mpi.c.o -c /Applications/CMake.app/Contents/share/cmake-3.21/Modules/FindMPI/test_mpi.c
/Applications/CMake.app/Contents/share/cmake-3.21/Modules/FindMPI/test_mpi.c:1:10: fatal error: 'mpi.h' file not found
#include <mpi.h>
         ^~~~~~~
1 error generated.
make[4]: *** [CMakeFiles/cmTC_4f28f.dir/test_mpi.c.o] Error 1
make[3]: *** [cmTC_4f28f/fast] Error 2



The MPI test test_mpi for CXX in mode normal failed to compile with the following output:
Change Dir: /Users/michael/Downloads/MAVT/B_HS21/CMEA/Project/Project 1/project1_handout/heun_timestep/build/Eigen-prefix/src/Eigen-build/CMakeFiles/CMakeTmp

Run Build Command(s):/usr/bin/make -f Makefile cmTC_b3864/fast && /Applications/Xcode.app/Contents/Developer/usr/bin/make  -f CMakeFiles/cmTC_b3864.dir/build.make CMakeFiles/cmTC_b3864.dir/build
Building CXX object CMakeFiles/cmTC_b3864.dir/test_mpi.cpp.o
/Applications/Xcode.app/Contents/Developer/Toolchains/XcodeDefault.xctoolchain/usr/bin/c++   -std=c++03 -pedantic -Wall -Wextra -Wundef -Wcast-align -Wchar-subscripts -Wnon-virtual-dtor -Wunused-local-typedefs -Wpointer-arith -Wwrite-strings -Wformat-security -Wshorten-64-to-32 -Wenum-conversion -Wc++11-extensions -Wdouble-promotion -Wshadow -Wno-psabi -Wno-variadic-macros -Wno-long-long -fno-check-new -fno-common -fstrict-aliasing -Qunused-arguments -ansi  -isysroot /Applications/Xcode.app/Contents/Developer/Platforms/MacOSX.platform/Developer/SDKs/MacOSX12.0.sdk -MD -MT CMakeFiles/cmTC_b3864.dir/test_mpi.cpp.o -MF CMakeFiles/cmTC_b3864.dir/test_mpi.cpp.o.d -o CMakeFiles/cmTC_b3864.dir/test_mpi.cpp.o -c "/Users/michael/Downloads/MAVT/B_HS21/CMEA/Project/Project 1/project1_handout/heun_timestep/build/Eigen-prefix/src/Eigen-build/CMakeFiles/FindMPI/test_mpi.cpp"
/Users/michael/Downloads/MAVT/B_HS21/CMEA/Project/Project 1/project1_handout/heun_timestep/build/Eigen-prefix/src/Eigen-build/CMakeFiles/FindMPI/test_mpi.cpp:1:10: fatal error: 'mpi.h' file not found
#include <mpi.h>
         ^~~~~~~
1 error generated.
make[4]: *** [CMakeFiles/cmTC_b3864.dir/test_mpi.cpp.o] Error 1
make[3]: *** [cmTC_b3864/fast] Error 2



Performing C SOURCE FILE Test PTSCOTCH_Num_4 failed with the following compile output:
Change Dir: /Users/michael/Downloads/MAVT/B_HS21/CMEA/Project/Project 1/project1_handout/heun_timestep/build/Eigen-prefix/src/Eigen-build/CMakeFiles/CMakeTmp

Run Build Command(s):/usr/bin/make -f Makefile cmTC_144d9/fast && /Applications/Xcode.app/Contents/Developer/usr/bin/make  -f CMakeFiles/cmTC_144d9.dir/build.make CMakeFiles/cmTC_144d9.dir/build
Building C object CMakeFiles/cmTC_144d9.dir/src.c.o
/Applications/Xcode.app/Contents/Developer/Toolchains/XcodeDefault.xctoolchain/usr/bin/cc -DLAPACK_USE_F2C -DPTSCOTCH_Num_4  -isysroot /Applications/Xcode.app/Contents/Developer/Platforms/MacOSX.platform/Developer/SDKs/MacOSX12.0.sdk -MD -MT CMakeFiles/cmTC_144d9.dir/src.c.o -MF CMakeFiles/cmTC_144d9.dir/src.c.o.d -o CMakeFiles/cmTC_144d9.dir/src.c.o -c "/Users/michael/Downloads/MAVT/B_HS21/CMEA/Project/Project 1/project1_handout/heun_timestep/build/Eigen-prefix/src/Eigen-build/CMakeFiles/CMakeTmp/src.c"
/Users/michael/Downloads/MAVT/B_HS21/CMEA/Project/Project 1/project1_handout/heun_timestep/build/Eigen-prefix/src/Eigen-build/CMakeFiles/CMakeTmp/src.c:4:10: fatal error: 'ptscotch.h' file not found
#include <ptscotch.h>
         ^~~~~~~~~~~~
1 error generated.
make[4]: *** [CMakeFiles/cmTC_144d9.dir/src.c.o] Error 1
make[3]: *** [cmTC_144d9/fast] Error 2


...and run output:

Return value: 1
Source file was:

#include <stdio.h>
#include <stdint.h>
#include <ptscotch.h>
int main(int argc, char **argv) {
  if (sizeof(SCOTCH_Num) == 4)
    return 0;
  else
    return 1;
}

Performing C SOURCE FILE Test PTSCOTCH_Num_8 failed with the following compile output:
Change Dir: /Users/michael/Downloads/MAVT/B_HS21/CMEA/Project/Project 1/project1_handout/heun_timestep/build/Eigen-prefix/src/Eigen-build/CMakeFiles/CMakeTmp

Run Build Command(s):/usr/bin/make -f Makefile cmTC_f8e9a/fast && /Applications/Xcode.app/Contents/Developer/usr/bin/make  -f CMakeFiles/cmTC_f8e9a.dir/build.make CMakeFiles/cmTC_f8e9a.dir/build
Building C object CMakeFiles/cmTC_f8e9a.dir/src.c.o
/Applications/Xcode.app/Contents/Developer/Toolchains/XcodeDefault.xctoolchain/usr/bin/cc -DLAPACK_USE_F2C -DPTSCOTCH_Num_8  -isysroot /Applications/Xcode.app/Contents/Developer/Platforms/MacOSX.platform/Developer/SDKs/MacOSX12.0.sdk -MD -MT CMakeFiles/cmTC_f8e9a.dir/src.c.o -MF CMakeFiles/cmTC_f8e9a.dir/src.c.o.d -o CMakeFiles/cmTC_f8e9a.dir/src.c.o -c "/Users/michael/Downloads/MAVT/B_HS21/CMEA/Project/Project 1/project1_handout/heun_timestep/build/Eigen-prefix/src/Eigen-build/CMakeFiles/CMakeTmp/src.c"
/Users/michael/Downloads/MAVT/B_HS21/CMEA/Project/Project 1/project1_handout/heun_timestep/build/Eigen-prefix/src/Eigen-build/CMakeFiles/CMakeTmp/src.c:4:10: fatal error: 'ptscotch.h' file not found
#include <ptscotch.h>
         ^~~~~~~~~~~~
1 error generated.
make[4]: *** [CMakeFiles/cmTC_f8e9a.dir/src.c.o] Error 1
make[3]: *** [cmTC_f8e9a/fast] Error 2


...and run output:

Return value: 1
Source file was:

#include <stdio.h>
#include <stdint.h>
#include <ptscotch.h>
int main(int argc, char **argv) {
  if (sizeof(SCOTCH_Num) == 8)
    return 0;
  else
    return 1;
}

The MPI test test_mpi for C in mode normal failed to compile with the following output:
Change Dir: /Users/michael/Downloads/MAVT/B_HS21/CMEA/Project/Project 1/project1_handout/heun_timestep/build/Eigen-prefix/src/Eigen-build/CMakeFiles/CMakeTmp

Run Build Command(s):/usr/bin/make -f Makefile cmTC_80cbc/fast && /Applications/Xcode.app/Contents/Developer/usr/bin/make  -f CMakeFiles/cmTC_80cbc.dir/build.make CMakeFiles/cmTC_80cbc.dir/build
Building C object CMakeFiles/cmTC_80cbc.dir/test_mpi.c.o
/Applications/Xcode.app/Contents/Developer/Toolchains/XcodeDefault.xctoolchain/usr/bin/cc   -isysroot /Applications/Xcode.app/Contents/Developer/Platforms/MacOSX.platform/Developer/SDKs/MacOSX12.0.sdk -MD -MT CMakeFiles/cmTC_80cbc.dir/test_mpi.c.o -MF CMakeFiles/cmTC_80cbc.dir/test_mpi.c.o.d -o CMakeFiles/cmTC_80cbc.dir/test_mpi.c.o -c /Applications/CMake.app/Contents/share/cmake-3.21/Modules/FindMPI/test_mpi.c
/Applications/CMake.app/Contents/share/cmake-3.21/Modules/FindMPI/test_mpi.c:1:10: fatal error: 'mpi.h' file not found
#include <mpi.h>
         ^~~~~~~
1 error generated.
make[4]: *** [CMakeFiles/cmTC_80cbc.dir/test_mpi.c.o] Error 1
make[3]: *** [cmTC_80cbc/fast] Error 2



The MPI test test_mpi for CXX in mode normal failed to compile with the following output:
Change Dir: /Users/michael/Downloads/MAVT/B_HS21/CMEA/Project/Project 1/project1_handout/heun_timestep/build/Eigen-prefix/src/Eigen-build/CMakeFiles/CMakeTmp

Run Build Command(s):/usr/bin/make -f Makefile cmTC_54af0/fast && /Applications/Xcode.app/Contents/Developer/usr/bin/make  -f CMakeFiles/cmTC_54af0.dir/build.make CMakeFiles/cmTC_54af0.dir/build
Building CXX object CMakeFiles/cmTC_54af0.dir/test_mpi.cpp.o
/Applications/Xcode.app/Contents/Developer/Toolchains/XcodeDefault.xctoolchain/usr/bin/c++   -std=c++03 -pedantic -Wall -Wextra -Wundef -Wcast-align -Wchar-subscripts -Wnon-virtual-dtor -Wunused-local-typedefs -Wpointer-arith -Wwrite-strings -Wformat-security -Wshorten-64-to-32 -Wenum-conversion -Wc++11-extensions -Wdouble-promotion -Wshadow -Wno-psabi -Wno-variadic-macros -Wno-long-long -fno-check-new -fno-common -fstrict-aliasing -Qunused-arguments -ansi  -isysroot /Applications/Xcode.app/Contents/Developer/Platforms/MacOSX.platform/Developer/SDKs/MacOSX12.0.sdk -MD -MT CMakeFiles/cmTC_54af0.dir/test_mpi.cpp.o -MF CMakeFiles/cmTC_54af0.dir/test_mpi.cpp.o.d -o CMakeFiles/cmTC_54af0.dir/test_mpi.cpp.o -c "/Users/michael/Downloads/MAVT/B_HS21/CMEA/Project/Project 1/project1_handout/heun_timestep/build/Eigen-prefix/src/Eigen-build/CMakeFiles/FindMPI/test_mpi.cpp"
/Users/michael/Downloads/MAVT/B_HS21/CMEA/Project/Project 1/project1_handout/heun_timestep/build/Eigen-prefix/src/Eigen-build/CMakeFiles/FindMPI/test_mpi.cpp:1:10: fatal error: 'mpi.h' file not found
#include <mpi.h>
         ^~~~~~~
1 error generated.
make[4]: *** [CMakeFiles/cmTC_54af0.dir/test_mpi.cpp.o] Error 1
make[3]: *** [cmTC_54af0/fast] Error 2



The MPI test test_mpi for C in mode normal failed to compile with the following output:
Change Dir: /Users/michael/Downloads/MAVT/B_HS21/CMEA/Project/Project 1/project1_handout/heun_timestep/build/Eigen-prefix/src/Eigen-build/CMakeFiles/CMakeTmp

Run Build Command(s):/usr/bin/make -f Makefile cmTC_719e1/fast && /Applications/Xcode.app/Contents/Developer/usr/bin/make  -f CMakeFiles/cmTC_719e1.dir/build.make CMakeFiles/cmTC_719e1.dir/build
Building C object CMakeFiles/cmTC_719e1.dir/test_mpi.c.o
/Applications/Xcode.app/Contents/Developer/Toolchains/XcodeDefault.xctoolchain/usr/bin/cc   -isysroot /Applications/Xcode.app/Contents/Developer/Platforms/MacOSX.platform/Developer/SDKs/MacOSX12.0.sdk -MD -MT CMakeFiles/cmTC_719e1.dir/test_mpi.c.o -MF CMakeFiles/cmTC_719e1.dir/test_mpi.c.o.d -o CMakeFiles/cmTC_719e1.dir/test_mpi.c.o -c /Applications/CMake.app/Contents/share/cmake-3.21/Modules/FindMPI/test_mpi.c
/Applications/CMake.app/Contents/share/cmake-3.21/Modules/FindMPI/test_mpi.c:1:10: fatal error: 'mpi.h' file not found
#include <mpi.h>
         ^~~~~~~
1 error generated.
make[4]: *** [CMakeFiles/cmTC_719e1.dir/test_mpi.c.o] Error 1
make[3]: *** [cmTC_719e1/fast] Error 2



The MPI test test_mpi for CXX in mode normal failed to compile with the following output:
Change Dir: /Users/michael/Downloads/MAVT/B_HS21/CMEA/Project/Project 1/project1_handout/heun_timestep/build/Eigen-prefix/src/Eigen-build/CMakeFiles/CMakeTmp

Run Build Command(s):/usr/bin/make -f Makefile cmTC_2ee2a/fast && /Applications/Xcode.app/Contents/Developer/usr/bin/make  -f CMakeFiles/cmTC_2ee2a.dir/build.make CMakeFiles/cmTC_2ee2a.dir/build
Building CXX object CMakeFiles/cmTC_2ee2a.dir/test_mpi.cpp.o
/Applications/Xcode.app/Contents/Developer/Toolchains/XcodeDefault.xctoolchain/usr/bin/c++   -std=c++03 -pedantic -Wall -Wextra -Wundef -Wcast-align -Wchar-subscripts -Wnon-virtual-dtor -Wunused-local-typedefs -Wpointer-arith -Wwrite-strings -Wformat-security -Wshorten-64-to-32 -Wenum-conversion -Wc++11-extensions -Wdouble-promotion -Wshadow -Wno-psabi -Wno-variadic-macros -Wno-long-long -fno-check-new -fno-common -fstrict-aliasing -Qunused-arguments -ansi  -isysroot /Applications/Xcode.app/Contents/Developer/Platforms/MacOSX.platform/Developer/SDKs/MacOSX12.0.sdk -MD -MT CMakeFiles/cmTC_2ee2a.dir/test_mpi.cpp.o -MF CMakeFiles/cmTC_2ee2a.dir/test_mpi.cpp.o.d -o CMakeFiles/cmTC_2ee2a.dir/test_mpi.cpp.o -c "/Users/michael/Downloads/MAVT/B_HS21/CMEA/Project/Project 1/project1_handout/heun_timestep/build/Eigen-prefix/src/Eigen-build/CMakeFiles/FindMPI/test_mpi.cpp"
/Users/michael/Downloads/MAVT/B_HS21/CMEA/Project/Project 1/project1_handout/heun_timestep/build/Eigen-prefix/src/Eigen-build/CMakeFiles/FindMPI/test_mpi.cpp:1:10: fatal error: 'mpi.h' file not found
#include <mpi.h>
         ^~~~~~~
1 error generated.
make[4]: *** [CMakeFiles/cmTC_2ee2a.dir/test_mpi.cpp.o] Error 1
make[3]: *** [cmTC_2ee2a/fast] Error 2



